2025-03-15 11:14:55,402 [INFO] PolarizationControllers: OzOptics connected successfully!
2025-03-15 11:15:01,983 [INFO] main: start running main programme
2025-03-15 11:15:02,344 [INFO] Optimizers: Start running PSO optimiser
2025-03-15 11:15:40,638 [INFO] Optimizers: Optimization finished at                     iteration 4 with total time: 38.29s
2025-03-15 11:16:09,406 [INFO] Optimizers: Start running PSO optimiser
2025-03-15 11:16:25,747 [INFO] Optimizers: Optimization finished at                     iteration 2 with total time: 16.34s
2025-03-15 11:16:44,960 [INFO] Optimizers: Start running PSO optimiser
2025-03-15 11:16:52,638 [INFO] Optimizers: Optimization finished at                     iteration 0 with total time: 7.68s
2025-03-15 11:17:20,677 [INFO] Optimizers: Start running PSO optimiser
2025-03-15 11:17:22,136 [INFO] Optimizers: Optimization finished at                     iteration 0 with total time: 1.46s
2025-03-15 11:17:37,283 [INFO] Optimizers: Start running PSO optimiser
2025-03-15 11:18:26,679 [INFO] Optimizers: Optimization finished at                     iteration 6 with total time: 49.40s
2025-03-15 11:18:28,950 [ERROR] Oscilloscopes: Something went wrong due to capturing data!
2025-03-15 11:18:28,950 [WARNING] Oscilloscopes: Retrying capture (attempt 1 of 5)...
2025-03-15 11:18:29,130 [ERROR] Oscilloscopes: Something went wrong due to capturing data!
2025-03-15 11:18:29,130 [WARNING] Oscilloscopes: Retrying capture (attempt 2 of 5)...
2025-03-15 11:18:29,312 [ERROR] Oscilloscopes: Something went wrong due to capturing data!
2025-03-15 11:18:29,312 [WARNING] Oscilloscopes: Retrying capture (attempt 3 of 5)...
2025-03-15 11:18:29,494 [ERROR] Oscilloscopes: Something went wrong due to capturing data!
2025-03-15 11:18:29,494 [WARNING] Oscilloscopes: Retrying capture (attempt 4 of 5)...
2025-03-15 11:18:29,674 [ERROR] Oscilloscopes: Something went wrong due to capturing data!
2025-03-15 11:18:29,674 [WARNING] Oscilloscopes: Retrying capture (attempt 5 of 5)...
2025-03-15 11:18:29,858 [ERROR] Oscilloscopes: Something went wrong due to capturing data!
2025-03-15 11:18:29,858 [CRITICAL] Oscilloscopes: Maximum capture attempts reached. Exiting capture.
2025-03-15 11:19:11,984 [INFO] PolarizationControllers: OzOptics connected successfully!
2025-03-15 11:19:18,646 [INFO] main: start running main programme
2025-03-15 11:19:20,146 [INFO] Optimizers: Start running PSO optimiser
2025-03-15 11:19:32,212 [INFO] Optimizers: Optimization finished at                     iteration 1 with total time: 12.07s
2025-03-15 11:19:54,207 [INFO] Optimizers: Start running PSO optimiser
2025-03-15 11:20:17,679 [INFO] Optimizers: Optimization finished at                     iteration 3 with total time: 23.47s
2025-03-15 11:20:42,407 [INFO] Optimizers: Start running PSO optimiser
2025-03-15 11:21:07,239 [INFO] Optimizers: Optimization finished at                     iteration 3 with total time: 24.83s
2025-03-15 11:21:34,317 [INFO] Optimizers: Start running PSO optimiser
2025-03-15 11:21:55,283 [INFO] Optimizers: Optimization finished at                     iteration 2 with total time: 20.97s
2025-03-15 11:21:58,134 [INFO] Optimizers: Start running PSO optimiser
2025-03-15 11:22:07,555 [INFO] Optimizers: Optimization finished at                     iteration 1 with total time: 9.42s
2025-03-15 11:22:27,864 [INFO] Optimizers: Start running PSO optimiser
2025-03-15 11:22:43,828 [INFO] Optimizers: Optimization finished at                     iteration 2 with total time: 15.96s
2025-03-15 11:23:03,574 [INFO] Optimizers: Start running PSO optimiser
2025-03-15 11:23:34,348 [INFO] Optimizers: Optimization finished at                     iteration 3 with total time: 30.77s
2025-03-15 11:24:01,992 [INFO] Optimizers: Start running PSO optimiser
2025-03-15 11:24:09,789 [INFO] Optimizers: Optimization finished at                     iteration 0 with total time: 7.80s
2025-03-15 11:24:10,376 [INFO] Optimizers: Start running PSO optimiser
2025-03-15 11:24:21,613 [INFO] Optimizers: Optimization finished at                     iteration 1 with total time: 11.24s
2025-03-15 11:24:26,702 [INFO] Optimizers: Start running PSO optimiser
2025-03-15 11:24:59,240 [INFO] Optimizers: Optimization finished at                     iteration 4 with total time: 32.54s
2025-03-15 11:25:25,449 [INFO] Optimizers: Start running PSO optimiser
2025-03-15 11:25:39,915 [INFO] Optimizers: Optimization finished at                     iteration 1 with total time: 14.47s
2025-03-15 11:25:46,502 [INFO] Optimizers: Start running PSO optimiser
2025-03-15 11:25:57,675 [INFO] Optimizers: Optimization finished at                     iteration 1 with total time: 11.17s
2025-03-15 11:25:58,840 [INFO] Optimizers: Start running PSO optimiser
2025-03-15 11:26:12,781 [INFO] Optimizers: Optimization finished at                     iteration 1 with total time: 13.94s
2025-03-15 11:26:13,669 [INFO] Optimizers: Start running PSO optimiser
2025-03-15 11:26:40,215 [INFO] Optimizers: Optimization finished at                     iteration 3 with total time: 26.55s
2025-03-15 11:26:44,741 [INFO] Optimizers: Start running PSO optimiser
2025-03-15 11:26:57,612 [INFO] Optimizers: Optimization finished at                     iteration 1 with total time: 12.87s
2025-03-15 11:27:08,961 [INFO] Optimizers: Start running PSO optimiser
2025-03-15 11:27:22,122 [INFO] Optimizers: Optimization finished at                     iteration 1 with total time: 13.16s
2025-03-15 11:27:56,687 [INFO] Optimizers: Start running PSO optimiser
2025-03-15 11:28:08,985 [INFO] Optimizers: Optimization finished at                     iteration 1 with total time: 12.30s
2025-03-15 11:28:09,870 [INFO] Optimizers: Start running PSO optimiser
2025-03-15 11:28:20,389 [INFO] Optimizers: Optimization finished at                     iteration 1 with total time: 10.52s
2025-03-15 11:28:34,107 [INFO] Optimizers: Start running PSO optimiser
2025-03-15 11:28:52,424 [INFO] Optimizers: Optimization finished at                     iteration 2 with total time: 18.32s
2025-03-15 11:28:58,375 [INFO] Optimizers: Start running PSO optimiser
2025-03-15 11:29:18,970 [INFO] Optimizers: Optimization finished at                     iteration 2 with total time: 20.59s
2025-03-15 11:29:41,864 [INFO] Optimizers: Start running PSO optimiser
2025-03-15 11:29:47,626 [INFO] Optimizers: Optimization finished at                     iteration 0 with total time: 5.76s
2025-03-15 11:29:57,423 [INFO] Optimizers: Start running PSO optimiser
2025-03-15 11:30:06,757 [INFO] Optimizers: Optimization finished at                     iteration 1 with total time: 9.33s
2025-03-15 11:30:09,367 [INFO] Optimizers: Start running PSO optimiser
2025-03-15 11:30:14,744 [INFO] Optimizers: Optimization finished at                     iteration 0 with total time: 5.38s
2025-03-15 11:30:47,055 [INFO] Optimizers: Start running PSO optimiser
2025-03-15 11:30:54,075 [INFO] Optimizers: Optimization finished at                     iteration 0 with total time: 7.02s
2025-03-15 11:31:09,916 [INFO] Optimizers: Start running PSO optimiser
2025-03-15 11:31:41,257 [INFO] Optimizers: Optimization finished at                     iteration 4 with total time: 31.34s
2025-03-15 11:31:47,475 [INFO] Optimizers: Start running PSO optimiser
2025-03-15 11:31:48,647 [INFO] Optimizers: Optimization finished at                     iteration 0 with total time: 1.17s
2025-03-15 11:31:49,230 [INFO] Optimizers: Start running PSO optimiser
2025-03-15 11:32:05,460 [INFO] Optimizers: Optimization finished at                     iteration 2 with total time: 16.23s
2025-03-15 11:32:20,133 [INFO] Optimizers: Start running PSO optimiser
2025-03-15 11:32:44,701 [INFO] Optimizers: Optimization finished at                     iteration 3 with total time: 24.57s
2025-03-15 11:32:49,835 [INFO] Optimizers: Start running PSO optimiser
2025-03-15 11:33:55,695 [INFO] Optimizers: Optimization finished at                     iteration 8 with total time: 65.86s
2025-03-15 11:33:58,553 [INFO] Optimizers: Start running PSO optimiser
2025-03-15 11:34:01,230 [INFO] Optimizers: Optimization finished at                     iteration 0 with total time: 2.68s
2025-03-15 11:34:03,559 [INFO] Optimizers: Start running PSO optimiser
2025-03-15 11:34:05,470 [INFO] Optimizers: Optimization finished at                     iteration 0 with total time: 1.91s
2025-03-15 11:34:27,050 [INFO] Optimizers: Start running PSO optimiser
2025-03-15 11:34:43,115 [INFO] Optimizers: Optimization finished at                     iteration 2 with total time: 16.06s
2025-03-15 11:34:55,054 [INFO] Optimizers: Start running PSO optimiser
2025-03-15 11:35:05,069 [INFO] Optimizers: Optimization finished at                     iteration 1 with total time: 10.01s
2025-03-15 11:35:12,060 [INFO] Optimizers: Start running PSO optimiser
2025-03-15 11:35:14,415 [INFO] Optimizers: Optimization finished at                     iteration 0 with total time: 2.35s
2025-03-15 11:35:23,522 [INFO] Optimizers: Start running PSO optimiser
2025-03-15 11:35:30,144 [INFO] Optimizers: Optimization finished at                     iteration 0 with total time: 6.62s
2025-03-15 11:35:50,953 [INFO] Optimizers: Start running PSO optimiser
2025-03-15 11:36:13,483 [INFO] Optimizers: Optimization finished at                     iteration 2 with total time: 22.53s
2025-03-15 11:36:16,933 [INFO] Optimizers: Start running PSO optimiser
2025-03-15 11:36:24,318 [INFO] Optimizers: Optimization finished at                     iteration 0 with total time: 7.39s
2025-03-15 11:36:35,670 [INFO] Optimizers: Start running PSO optimiser
2025-03-15 11:36:53,161 [INFO] Optimizers: Optimization finished at                     iteration 2 with total time: 17.49s
2025-03-15 11:37:01,052 [INFO] Optimizers: Start running PSO optimiser
2025-03-15 11:37:11,177 [INFO] Optimizers: Optimization finished at                     iteration 1 with total time: 10.12s
2025-03-15 11:37:12,051 [INFO] Optimizers: Start running PSO optimiser
2025-03-15 11:37:21,801 [INFO] Optimizers: Optimization finished at                     iteration 1 with total time: 9.75s
2025-03-15 11:37:38,585 [INFO] Optimizers: Start running PSO optimiser
2025-03-15 11:37:42,001 [INFO] Optimizers: Optimization finished at                     iteration 0 with total time: 3.42s
2025-03-15 11:37:55,885 [INFO] Optimizers: Start running PSO optimiser
2025-03-15 11:38:41,705 [INFO] Optimizers: Optimization finished at                     iteration 5 with total time: 45.82s
2025-03-15 11:39:04,866 [INFO] Optimizers: Start running PSO optimiser
2025-03-15 11:39:30,357 [INFO] Optimizers: Optimization finished at                     iteration 3 with total time: 25.49s
2025-03-15 11:39:39,948 [INFO] Optimizers: Start running PSO optimiser
2025-03-15 11:40:15,400 [INFO] Optimizers: Optimization finished at                     iteration 4 with total time: 35.45s
2025-03-15 11:40:20,780 [INFO] Optimizers: Start running PSO optimiser
2025-03-15 11:40:48,971 [INFO] Optimizers: Optimization finished at                     iteration 3 with total time: 28.19s
2025-03-15 11:40:51,857 [INFO] Optimizers: Start running PSO optimiser
2025-03-15 11:41:04,665 [INFO] Optimizers: Optimization finished at                     iteration 1 with total time: 12.81s
2025-03-15 11:41:15,966 [INFO] Optimizers: Start running PSO optimiser
2025-03-15 11:41:25,582 [INFO] Optimizers: Optimization finished at                     iteration 1 with total time: 9.62s
2025-03-15 11:41:31,215 [INFO] Optimizers: Start running PSO optimiser
2025-03-15 11:41:56,178 [INFO] Optimizers: Optimization finished at                     iteration 3 with total time: 24.96s
2025-03-15 11:42:02,667 [INFO] Optimizers: Start running PSO optimiser
2025-03-15 11:42:15,190 [INFO] Optimizers: Optimization finished at                     iteration 1 with total time: 12.52s
2025-03-15 11:42:22,892 [INFO] Optimizers: Start running PSO optimiser
2025-03-15 11:42:29,426 [INFO] Optimizers: Optimization finished at                     iteration 0 with total time: 6.53s
2025-03-15 11:42:34,609 [INFO] Optimizers: Start running PSO optimiser
2025-03-15 11:42:36,511 [INFO] Optimizers: Optimization finished at                     iteration 0 with total time: 1.90s
2025-03-15 11:42:49,514 [INFO] Optimizers: Start running PSO optimiser
2025-03-15 11:43:08,889 [INFO] Optimizers: Optimization finished at                     iteration 2 with total time: 19.37s
2025-03-15 11:43:24,238 [INFO] Optimizers: Start running PSO optimiser
2025-03-15 11:43:25,803 [INFO] Optimizers: Optimization finished at                     iteration 0 with total time: 1.56s
2025-03-15 11:43:45,366 [INFO] Optimizers: Start running PSO optimiser
2025-03-15 11:43:53,904 [INFO] Optimizers: Optimization finished at                     iteration 1 with total time: 8.54s
2025-03-15 11:44:16,518 [INFO] Optimizers: Start running PSO optimiser
2025-03-15 11:44:32,139 [INFO] Optimizers: Optimization finished at                     iteration 1 with total time: 15.62s
2025-03-15 11:45:21,875 [INFO] Optimizers: Start running PSO optimiser
2025-03-15 11:45:23,800 [INFO] Optimizers: Optimization finished at                     iteration 0 with total time: 1.93s
2025-03-15 11:45:34,546 [INFO] Optimizers: Start running PSO optimiser
2025-03-15 11:45:43,010 [INFO] Optimizers: Optimization finished at                     iteration 1 with total time: 8.46s
2025-03-15 11:46:01,104 [INFO] Optimizers: Start running PSO optimiser
2025-03-15 11:46:05,805 [INFO] Optimizers: Optimization finished at                     iteration 0 with total time: 4.70s
2025-03-15 11:46:37,601 [INFO] Optimizers: Start running PSO optimiser
2025-03-15 11:46:41,422 [INFO] Optimizers: Optimization finished at                     iteration 0 with total time: 3.82s
2025-03-15 11:46:45,157 [INFO] Optimizers: Start running PSO optimiser
2025-03-15 11:47:01,056 [INFO] Optimizers: Optimization finished at                     iteration 2 with total time: 15.90s
2025-03-15 11:47:13,009 [INFO] Optimizers: Start running PSO optimiser
2025-03-15 11:47:34,227 [INFO] Optimizers: Optimization finished at                     iteration 2 with total time: 21.22s
2025-03-15 11:47:55,305 [INFO] Optimizers: Start running PSO optimiser
2025-03-15 11:48:04,942 [INFO] Optimizers: Optimization finished at                     iteration 1 with total time: 9.64s
2025-03-15 11:48:06,917 [INFO] Optimizers: Start running PSO optimiser
2025-03-15 11:48:07,682 [INFO] Optimizers: Optimization finished at                     iteration 0 with total time: 0.76s
2025-03-15 11:48:13,306 [INFO] Optimizers: Start running PSO optimiser
2025-03-15 11:48:24,552 [INFO] Optimizers: Optimization finished at                     iteration 1 with total time: 11.25s
2025-03-15 11:48:32,140 [INFO] Optimizers: Start running PSO optimiser
2025-03-15 11:48:41,917 [INFO] Optimizers: Optimization finished at                     iteration 1 with total time: 9.78s
2025-03-15 11:48:42,509 [INFO] Optimizers: Start running PSO optimiser
2025-03-15 11:48:52,543 [INFO] Optimizers: Optimization finished at                     iteration 1 with total time: 10.03s
2025-03-15 11:49:01,098 [INFO] Optimizers: Start running PSO optimiser
2025-03-15 11:49:04,099 [INFO] Optimizers: Optimization finished at                     iteration 0 with total time: 3.00s
2025-03-15 11:49:38,352 [INFO] Optimizers: Start running PSO optimiser
2025-03-15 11:49:53,715 [INFO] Optimizers: Optimization finished at                     iteration 1 with total time: 15.36s
2025-03-15 11:50:02,285 [INFO] Optimizers: Start running PSO optimiser
2025-03-15 11:50:45,630 [INFO] Optimizers: Optimization finished at                     iteration 5 with total time: 43.34s
2025-03-15 11:51:19,778 [INFO] Optimizers: Start running PSO optimiser
2025-03-15 11:51:27,497 [INFO] Optimizers: Optimization finished at                     iteration 0 with total time: 7.72s
2025-03-15 11:51:28,648 [INFO] Optimizers: Start running PSO optimiser
2025-03-15 11:51:41,276 [INFO] Optimizers: Optimization finished at                     iteration 1 with total time: 12.63s
2025-03-15 11:51:45,556 [INFO] Optimizers: Start running PSO optimiser
2025-03-15 11:51:51,811 [INFO] Optimizers: Optimization finished at                     iteration 0 with total time: 6.25s
2025-03-15 11:52:29,982 [INFO] Optimizers: Start running PSO optimiser
2025-03-15 11:52:47,562 [INFO] Optimizers: Optimization finished at                     iteration 2 with total time: 17.58s
2025-03-15 11:52:48,147 [INFO] Optimizers: Start running PSO optimiser
2025-03-15 11:52:52,417 [INFO] Optimizers: Optimization finished at                     iteration 0 with total time: 4.27s
2025-03-15 11:53:08,344 [INFO] Optimizers: Start running PSO optimiser
2025-03-15 11:53:19,194 [INFO] Optimizers: Optimization finished at                     iteration 1 with total time: 10.85s
2025-03-15 11:53:21,453 [INFO] Optimizers: Start running PSO optimiser
2025-03-15 11:53:35,894 [INFO] Optimizers: Optimization finished at                     iteration 1 with total time: 14.44s
2025-03-15 11:53:36,480 [INFO] Optimizers: Start running PSO optimiser
2025-03-15 11:53:44,594 [INFO] Optimizers: Optimization finished at                     iteration 1 with total time: 8.11s
2025-03-15 11:53:46,023 [INFO] Optimizers: Start running PSO optimiser
2025-03-15 11:53:49,176 [INFO] Optimizers: Optimization finished at                     iteration 0 with total time: 3.15s
2025-03-15 11:53:52,066 [INFO] Optimizers: Start running PSO optimiser
2025-03-15 11:54:02,911 [INFO] Optimizers: Optimization finished at                     iteration 1 with total time: 10.85s
2025-03-15 11:54:17,012 [INFO] Optimizers: Start running PSO optimiser
2025-03-15 11:54:41,155 [INFO] Optimizers: Optimization finished at                     iteration 3 with total time: 24.14s
2025-03-15 11:55:04,308 [INFO] Optimizers: Start running PSO optimiser
2025-03-15 11:55:11,247 [INFO] Optimizers: Optimization finished at                     iteration 0 with total time: 6.94s
2025-03-15 11:55:14,387 [INFO] Optimizers: Start running PSO optimiser
2025-03-15 11:55:21,351 [INFO] Optimizers: Optimization finished at                     iteration 0 with total time: 6.96s
2025-03-15 11:55:30,450 [INFO] Optimizers: Start running PSO optimiser
2025-03-15 11:55:44,567 [INFO] Optimizers: Optimization finished at                     iteration 1 with total time: 14.12s
2025-03-15 11:56:06,407 [INFO] Optimizers: Start running PSO optimiser
2025-03-15 11:56:35,824 [INFO] Optimizers: Optimization finished at                     iteration 3 with total time: 29.42s
2025-03-15 11:57:13,829 [INFO] Optimizers: Start running PSO optimiser
2025-03-15 11:57:16,900 [INFO] Optimizers: Optimization finished at                     iteration 0 with total time: 3.07s
2025-03-15 11:57:27,983 [INFO] Optimizers: Start running PSO optimiser
2025-03-15 11:58:07,810 [INFO] Optimizers: Optimization finished at                     iteration 5 with total time: 39.83s
2025-03-15 11:58:13,424 [INFO] Optimizers: Start running PSO optimiser
2025-03-15 11:58:37,175 [INFO] Optimizers: Optimization finished at                     iteration 3 with total time: 23.75s
2025-03-15 11:58:44,180 [INFO] Optimizers: Start running PSO optimiser
2025-03-15 11:58:54,739 [INFO] Optimizers: Optimization finished at                     iteration 1 with total time: 10.56s
2025-03-15 11:59:08,595 [INFO] Optimizers: Start running PSO optimiser
2025-03-15 11:59:08,975 [INFO] Optimizers: Optimization finished at                     iteration 0 with total time: 0.38s
2025-03-15 11:59:20,171 [ERROR] Oscilloscopes: Something went wrong due to capturing data!
2025-03-15 11:59:20,171 [WARNING] Oscilloscopes: Retrying capture (attempt 1 of 5)...
2025-03-15 11:59:20,355 [ERROR] Oscilloscopes: Something went wrong due to capturing data!
2025-03-15 11:59:20,355 [WARNING] Oscilloscopes: Retrying capture (attempt 2 of 5)...
2025-03-15 11:59:20,535 [ERROR] Oscilloscopes: Something went wrong due to capturing data!
2025-03-15 11:59:20,535 [WARNING] Oscilloscopes: Retrying capture (attempt 3 of 5)...
2025-03-15 11:59:20,721 [ERROR] Oscilloscopes: Something went wrong due to capturing data!
2025-03-15 11:59:20,721 [WARNING] Oscilloscopes: Retrying capture (attempt 4 of 5)...
2025-03-15 11:59:20,911 [ERROR] Oscilloscopes: Something went wrong due to capturing data!
2025-03-15 11:59:20,912 [WARNING] Oscilloscopes: Retrying capture (attempt 5 of 5)...
2025-03-15 11:59:21,092 [ERROR] Oscilloscopes: Something went wrong due to capturing data!
2025-03-15 11:59:21,092 [CRITICAL] Oscilloscopes: Maximum capture attempts reached. Exiting capture.
