2025-04-13 10:19:08,783 [INFO] instruments.PolarizationControllers: OzOptics connected successfully!
2025-04-13 10:19:15,316 [INFO] main: start running main programme
2025-04-13 10:19:15,710 [INFO] optimizers.Optimizers: Start running PSO optimiser
2025-04-13 10:20:14,210 [INFO] optimizers.Optimizers: Optimization finished at                     iteration 7 with total time: 58.50s
2025-04-13 10:20:14,784 [INFO] optimizers.Optimizers: Start running PSO optimiser
2025-04-13 10:22:19,866 [INFO] optimizers.Optimizers: Optimization finished at                     iteration 16 with total time: 125.08s
2025-04-13 10:22:20,447 [INFO] optimizers.Optimizers: Start running PSO optimiser
2025-04-13 10:23:20,419 [INFO] optimizers.Optimizers: Optimization finished at                     iteration 7 with total time: 59.97s
2025-04-13 10:23:33,423 [INFO] optimizers.Optimizers: Start running PSO optimiser
2025-04-13 10:24:35,467 [INFO] optimizers.Optimizers: Optimization finished at                     iteration 8 with total time: 62.04s
2025-04-13 10:24:45,009 [INFO] optimizers.Optimizers: Start running PSO optimiser
2025-04-13 10:25:31,547 [INFO] optimizers.Optimizers: Optimization finished at                     iteration 6 with total time: 46.54s
2025-04-13 10:25:32,403 [INFO] optimizers.Optimizers: Start running PSO optimiser
2025-04-13 10:26:33,997 [INFO] optimizers.Optimizers: Optimization finished at                     iteration 7 with total time: 61.59s
2025-04-13 10:26:37,094 [INFO] optimizers.Optimizers: Start running PSO optimiser
2025-04-13 10:27:44,473 [INFO] optimizers.Optimizers: Optimization finished at                     iteration 8 with total time: 67.38s
2025-04-13 10:27:46,478 [INFO] optimizers.Optimizers: Start running PSO optimiser
2025-04-13 10:28:05,253 [INFO] optimizers.Optimizers: Optimization finished at                     iteration 2 with total time: 18.78s
2025-04-13 10:28:15,584 [INFO] optimizers.Optimizers: Start running PSO optimiser
2025-04-13 10:28:55,962 [INFO] optimizers.Optimizers: Optimization finished at                     iteration 5 with total time: 40.38s
2025-04-13 10:29:02,375 [INFO] optimizers.Optimizers: Start running PSO optimiser
2025-04-13 10:29:41,138 [INFO] optimizers.Optimizers: Optimization finished at                     iteration 5 with total time: 38.76s
2025-04-13 10:29:59,894 [INFO] optimizers.Optimizers: Start running PSO optimiser
2025-04-13 10:30:29,704 [INFO] optimizers.Optimizers: Optimization finished at                     iteration 3 with total time: 29.81s
2025-04-13 10:30:35,292 [INFO] optimizers.Optimizers: Start running PSO optimiser
2025-04-13 10:30:48,734 [INFO] optimizers.Optimizers: Optimization finished at                     iteration 1 with total time: 13.44s
2025-04-13 10:30:50,692 [INFO] optimizers.Optimizers: Start running PSO optimiser
2025-04-13 10:31:02,632 [INFO] optimizers.Optimizers: Optimization finished at                     iteration 1 with total time: 11.94s
2025-04-13 10:31:13,308 [INFO] optimizers.Optimizers: Start running PSO optimiser
2025-04-13 10:31:44,056 [INFO] optimizers.Optimizers: Optimization finished at                     iteration 3 with total time: 30.75s
2025-04-13 10:31:44,635 [INFO] optimizers.Optimizers: Start running PSO optimiser
2025-04-13 10:31:55,131 [INFO] optimizers.Optimizers: Optimization finished at                     iteration 1 with total time: 10.50s
2025-04-13 10:31:56,267 [INFO] optimizers.Optimizers: Start running PSO optimiser
2025-04-13 10:32:19,644 [INFO] optimizers.Optimizers: Optimization finished at                     iteration 3 with total time: 23.38s
2025-04-13 10:32:26,626 [INFO] optimizers.Optimizers: Start running PSO optimiser
2025-04-13 10:33:03,463 [INFO] optimizers.Optimizers: Optimization finished at                     iteration 4 with total time: 36.84s
2025-04-13 10:33:20,837 [INFO] optimizers.Optimizers: Start running PSO optimiser
2025-04-13 10:34:02,071 [INFO] optimizers.Optimizers: Optimization finished at                     iteration 5 with total time: 41.23s
2025-04-13 10:34:09,632 [INFO] optimizers.Optimizers: Start running PSO optimiser
2025-04-13 10:35:26,897 [INFO] optimizers.Optimizers: Optimization finished at                     iteration 9 with total time: 77.26s
2025-04-13 10:35:27,478 [INFO] optimizers.Optimizers: Start running PSO optimiser
2025-04-13 10:36:07,513 [INFO] optimizers.Optimizers: Optimization finished at                     iteration 5 with total time: 40.03s
2025-04-13 10:36:10,625 [INFO] optimizers.Optimizers: Start running PSO optimiser
2025-04-13 10:36:12,188 [INFO] optimizers.Optimizers: Optimization finished at                     iteration 0 with total time: 1.56s
2025-04-13 10:36:15,585 [INFO] optimizers.Optimizers: Start running PSO optimiser
2025-04-13 10:37:25,888 [INFO] optimizers.Optimizers: Optimization finished at                     iteration 9 with total time: 70.30s
2025-04-13 10:37:32,382 [INFO] optimizers.Optimizers: Start running PSO optimiser
2025-04-13 10:38:21,475 [INFO] optimizers.Optimizers: Optimization finished at                     iteration 6 with total time: 49.09s
2025-04-13 10:38:35,498 [INFO] optimizers.Optimizers: Start running PSO optimiser
2025-04-13 10:41:02,854 [INFO] optimizers.Optimizers: Start running PSO optimiser
2025-04-13 10:41:30,225 [INFO] optimizers.Optimizers: Optimization finished at                     iteration 3 with total time: 27.37s
2025-04-13 10:41:33,598 [INFO] optimizers.Optimizers: Start running PSO optimiser
2025-04-13 10:41:47,119 [INFO] optimizers.Optimizers: Optimization finished at                     iteration 1 with total time: 13.52s
2025-04-13 10:41:47,704 [INFO] optimizers.Optimizers: Start running PSO optimiser
2025-04-13 10:42:06,968 [INFO] optimizers.Optimizers: Optimization finished at                     iteration 2 with total time: 19.26s
2025-04-13 10:42:16,486 [INFO] optimizers.Optimizers: Start running PSO optimiser
2025-04-13 10:42:48,509 [INFO] optimizers.Optimizers: Optimization finished at                     iteration 4 with total time: 32.02s
2025-04-13 10:42:49,374 [INFO] optimizers.Optimizers: Start running PSO optimiser
2025-04-13 10:43:27,750 [INFO] optimizers.Optimizers: Optimization finished at                     iteration 4 with total time: 38.38s
2025-04-13 10:43:28,332 [INFO] optimizers.Optimizers: Start running PSO optimiser
2025-04-13 10:44:18,756 [INFO] optimizers.Optimizers: Optimization finished at                     iteration 6 with total time: 50.42s
2025-04-13 10:44:20,450 [INFO] optimizers.Optimizers: Start running PSO optimiser
2025-04-13 10:44:31,598 [INFO] optimizers.Optimizers: Optimization finished at                     iteration 1 with total time: 11.15s
2025-04-13 10:44:47,016 [INFO] optimizers.Optimizers: Start running PSO optimiser
2025-04-13 10:45:21,613 [INFO] optimizers.Optimizers: Optimization finished at                     iteration 4 with total time: 34.60s
2025-04-13 10:45:25,290 [INFO] optimizers.Optimizers: Start running PSO optimiser
2025-04-13 10:45:27,960 [INFO] optimizers.Optimizers: Optimization finished at                     iteration 0 with total time: 2.67s
2025-04-13 10:45:35,759 [INFO] optimizers.Optimizers: Start running PSO optimiser
2025-04-13 10:45:41,571 [INFO] optimizers.Optimizers: Optimization finished at                     iteration 0 with total time: 5.81s
2025-04-13 10:45:52,609 [INFO] optimizers.Optimizers: Start running PSO optimiser
2025-04-13 10:46:12,960 [INFO] optimizers.Optimizers: Optimization finished at                     iteration 2 with total time: 20.35s
2025-04-13 10:46:23,645 [INFO] optimizers.Optimizers: Start running PSO optimiser
2025-04-13 10:48:29,635 [INFO] optimizers.Optimizers: Optimization finished at                     iteration 16 with total time: 125.99s
2025-04-13 10:48:39,506 [INFO] optimizers.Optimizers: Start running PSO optimiser
2025-04-13 10:49:09,135 [INFO] optimizers.Optimizers: Optimization finished at                     iteration 3 with total time: 29.63s
2025-04-13 10:49:13,376 [INFO] optimizers.Optimizers: Start running PSO optimiser
2025-04-13 10:49:29,982 [INFO] optimizers.Optimizers: Optimization finished at                     iteration 2 with total time: 16.61s
2025-04-13 10:49:31,938 [INFO] optimizers.Optimizers: Start running PSO optimiser
2025-04-13 10:49:58,707 [INFO] optimizers.Optimizers: Optimization finished at                     iteration 3 with total time: 26.77s
2025-04-13 10:50:04,687 [INFO] optimizers.Optimizers: Start running PSO optimiser
2025-04-13 10:50:49,130 [INFO] optimizers.Optimizers: Optimization finished at                     iteration 5 with total time: 44.44s
2025-04-13 10:51:00,675 [INFO] optimizers.Optimizers: Start running PSO optimiser
2025-04-13 10:51:52,370 [INFO] optimizers.Optimizers: Optimization finished at                     iteration 6 with total time: 51.69s
2025-04-13 10:51:55,482 [INFO] optimizers.Optimizers: Start running PSO optimiser
2025-04-13 10:51:59,345 [INFO] optimizers.Optimizers: Optimization finished at                     iteration 0 with total time: 3.86s
2025-04-13 10:52:01,346 [INFO] optimizers.Optimizers: Start running PSO optimiser
2025-04-13 10:52:47,254 [INFO] optimizers.Optimizers: Optimization finished at                     iteration 5 with total time: 45.91s
2025-04-13 10:53:04,110 [INFO] optimizers.Optimizers: Start running PSO optimiser
2025-04-13 10:53:20,163 [INFO] optimizers.Optimizers: Optimization finished at                     iteration 2 with total time: 16.05s
2025-04-13 10:53:22,176 [INFO] optimizers.Optimizers: Start running PSO optimiser
2025-04-13 10:53:22,926 [INFO] optimizers.Optimizers: Optimization finished at                     iteration 0 with total time: 0.75s
2025-04-13 10:53:25,413 [INFO] optimizers.Optimizers: Start running PSO optimiser
2025-04-13 10:53:26,171 [INFO] optimizers.Optimizers: Optimization finished at                     iteration 0 with total time: 0.76s
2025-04-13 10:53:37,482 [INFO] optimizers.Optimizers: Start running PSO optimiser
2025-04-13 10:55:07,137 [INFO] optimizers.Optimizers: Optimization finished at                     iteration 11 with total time: 89.66s
2025-04-13 10:55:17,878 [INFO] optimizers.Optimizers: Start running PSO optimiser
2025-04-13 10:55:45,925 [INFO] optimizers.Optimizers: Optimization finished at                     iteration 3 with total time: 28.05s
2025-04-13 10:55:59,445 [INFO] optimizers.Optimizers: Start running PSO optimiser
2025-04-13 10:56:15,988 [INFO] optimizers.Optimizers: Optimization finished at                     iteration 2 with total time: 16.54s
2025-04-13 10:56:20,268 [INFO] optimizers.Optimizers: Start running PSO optimiser
2025-04-13 10:57:47,601 [INFO] optimizers.Optimizers: Optimization finished at                     iteration 11 with total time: 87.33s
2025-04-13 10:57:49,870 [INFO] optimizers.Optimizers: Start running PSO optimiser
2025-04-13 10:58:19,982 [INFO] optimizers.Optimizers: Optimization finished at                     iteration 3 with total time: 30.11s
2025-04-13 10:58:21,416 [INFO] optimizers.Optimizers: Start running PSO optimiser
2025-04-13 10:58:57,270 [INFO] optimizers.Optimizers: Optimization finished at                     iteration 4 with total time: 35.85s
2025-04-13 10:59:02,075 [INFO] optimizers.Optimizers: Start running PSO optimiser
2025-04-13 10:59:05,556 [INFO] optimizers.Optimizers: Optimization finished at                     iteration 0 with total time: 3.48s
2025-04-13 10:59:26,687 [INFO] optimizers.Optimizers: Start running PSO optimiser
2025-04-13 11:00:36,047 [INFO] optimizers.Optimizers: Optimization finished at                     iteration 8 with total time: 69.36s
2025-04-13 11:00:40,337 [INFO] optimizers.Optimizers: Start running PSO optimiser
2025-04-13 11:00:54,591 [INFO] optimizers.Optimizers: Optimization finished at                     iteration 1 with total time: 14.25s
2025-04-13 11:00:57,756 [INFO] optimizers.Optimizers: Start running PSO optimiser
2025-04-13 11:00:58,921 [INFO] optimizers.Optimizers: Optimization finished at                     iteration 0 with total time: 1.16s
2025-04-13 11:01:00,349 [INFO] optimizers.Optimizers: Start running PSO optimiser
2025-04-13 11:02:13,089 [INFO] optimizers.Optimizers: Optimization finished at                     iteration 9 with total time: 72.74s
2025-04-13 11:02:26,328 [INFO] optimizers.Optimizers: Start running PSO optimiser
2025-04-13 11:02:40,958 [INFO] optimizers.Optimizers: Optimization finished at                     iteration 1 with total time: 14.63s
2025-04-13 11:02:46,784 [ERROR] instruments.Oscilloscopes: Something went wrong due to capturing data!
2025-04-13 11:02:46,784 [WARNING] instruments.Oscilloscopes: Retrying capture (attempt 1 of 5)...
2025-04-13 11:02:48,145 [ERROR] instruments.Oscilloscopes: Something went wrong due to capturing data!
2025-04-13 11:02:48,146 [WARNING] instruments.Oscilloscopes: Retrying capture (attempt 1 of 5)...
2025-04-13 11:02:49,775 [ERROR] instruments.Oscilloscopes: Something went wrong due to capturing data!
2025-04-13 11:02:49,775 [WARNING] instruments.Oscilloscopes: Retrying capture (attempt 1 of 5)...
2025-04-13 11:02:51,101 [ERROR] instruments.Oscilloscopes: Something went wrong due to capturing data!
2025-04-13 11:02:51,101 [WARNING] instruments.Oscilloscopes: Retrying capture (attempt 1 of 5)...
2025-04-13 11:02:52,432 [ERROR] instruments.Oscilloscopes: Something went wrong due to capturing data!
2025-04-13 11:02:52,432 [WARNING] instruments.Oscilloscopes: Retrying capture (attempt 1 of 5)...
2025-04-13 11:02:53,748 [ERROR] instruments.Oscilloscopes: Something went wrong due to capturing data!
2025-04-13 11:02:53,748 [WARNING] instruments.Oscilloscopes: Retrying capture (attempt 1 of 5)...
2025-04-13 11:02:55,116 [ERROR] instruments.Oscilloscopes: Something went wrong due to capturing data!
2025-04-13 11:02:55,116 [WARNING] instruments.Oscilloscopes: Retrying capture (attempt 1 of 5)...
2025-04-13 11:02:56,438 [ERROR] instruments.Oscilloscopes: Something went wrong due to capturing data!
2025-04-13 11:02:56,438 [WARNING] instruments.Oscilloscopes: Retrying capture (attempt 1 of 5)...
2025-04-13 11:02:57,781 [ERROR] instruments.Oscilloscopes: Something went wrong due to capturing data!
2025-04-13 11:02:57,781 [WARNING] instruments.Oscilloscopes: Retrying capture (attempt 1 of 5)...
2025-04-13 11:02:59,121 [ERROR] instruments.Oscilloscopes: Something went wrong due to capturing data!
2025-04-13 11:02:59,121 [WARNING] instruments.Oscilloscopes: Retrying capture (attempt 1 of 5)...
2025-04-13 11:03:00,494 [ERROR] instruments.Oscilloscopes: Something went wrong due to capturing data!
2025-04-13 11:03:00,494 [WARNING] instruments.Oscilloscopes: Retrying capture (attempt 1 of 5)...
2025-04-13 11:03:02,117 [ERROR] instruments.Oscilloscopes: Something went wrong due to capturing data!
2025-04-13 11:03:02,117 [WARNING] instruments.Oscilloscopes: Retrying capture (attempt 1 of 5)...
2025-04-13 11:03:03,450 [ERROR] instruments.Oscilloscopes: Something went wrong due to capturing data!
2025-04-13 11:03:03,450 [WARNING] instruments.Oscilloscopes: Retrying capture (attempt 1 of 5)...
2025-04-13 11:03:04,787 [ERROR] instruments.Oscilloscopes: Something went wrong due to capturing data!
2025-04-13 11:03:04,787 [WARNING] instruments.Oscilloscopes: Retrying capture (attempt 1 of 5)...
2025-04-13 11:03:06,394 [ERROR] instruments.Oscilloscopes: Something went wrong due to capturing data!
2025-04-13 11:03:06,394 [WARNING] instruments.Oscilloscopes: Retrying capture (attempt 1 of 5)...
2025-04-13 11:03:07,747 [ERROR] instruments.Oscilloscopes: Something went wrong due to capturing data!
2025-04-13 11:03:07,747 [WARNING] instruments.Oscilloscopes: Retrying capture (attempt 1 of 5)...
2025-04-13 11:03:09,141 [ERROR] instruments.Oscilloscopes: Something went wrong due to capturing data!
2025-04-13 11:03:09,142 [WARNING] instruments.Oscilloscopes: Retrying capture (attempt 1 of 5)...
2025-04-13 11:03:18,823 [INFO] optimizers.Optimizers: Start running PSO optimiser
2025-04-13 11:03:21,503 [INFO] optimizers.Optimizers: Optimization finished at                     iteration 0 with total time: 2.68s
2025-04-13 11:03:30,956 [INFO] optimizers.Optimizers: Start running PSO optimiser
2025-04-13 11:03:46,241 [INFO] optimizers.Optimizers: Optimization finished at                     iteration 1 with total time: 15.28s
2025-04-13 11:04:02,062 [ERROR] instruments.Oscilloscopes: Something went wrong due to capturing data!
2025-04-13 11:04:02,062 [WARNING] instruments.Oscilloscopes: Retrying capture (attempt 1 of 5)...
2025-04-13 11:04:50,685 [INFO] optimizers.Optimizers: Start running PSO optimiser
2025-04-13 11:04:56,798 [INFO] optimizers.Optimizers: Optimization finished at                     iteration 0 with total time: 6.11s
2025-04-13 11:05:02,835 [INFO] optimizers.Optimizers: Start running PSO optimiser
2025-04-13 11:05:29,091 [INFO] optimizers.Optimizers: Optimization finished at                     iteration 3 with total time: 26.26s
2025-04-13 11:05:48,437 [INFO] optimizers.Optimizers: Start running PSO optimiser
2025-04-13 11:05:52,650 [INFO] optimizers.Optimizers: Optimization finished at                     iteration 0 with total time: 4.21s
2025-04-13 11:05:58,448 [INFO] optimizers.Optimizers: Start running PSO optimiser
2025-04-13 11:06:02,649 [INFO] optimizers.Optimizers: Optimization finished at                     iteration 0 with total time: 4.20s
2025-04-13 11:07:43,637 [INFO] optimizers.Optimizers: Start running PSO optimiser
2025-04-13 11:07:54,260 [INFO] optimizers.Optimizers: Optimization finished at                     iteration 1 with total time: 10.62s
2025-04-13 11:08:01,313 [INFO] optimizers.Optimizers: Start running PSO optimiser
2025-04-13 11:08:08,458 [INFO] optimizers.Optimizers: Optimization finished at                     iteration 0 with total time: 7.15s
2025-04-13 11:09:38,445 [INFO] optimizers.Optimizers: Start running PSO optimiser
2025-04-13 11:09:38,815 [INFO] optimizers.Optimizers: Optimization finished at                     iteration 0 with total time: 0.37s
2025-04-13 11:09:39,392 [INFO] optimizers.Optimizers: Start running PSO optimiser
2025-04-13 11:09:43,175 [INFO] optimizers.Optimizers: Optimization finished at                     iteration 0 with total time: 3.78s
2025-04-13 11:10:06,637 [INFO] optimizers.Optimizers: Start running PSO optimiser
2025-04-13 11:10:11,972 [INFO] optimizers.Optimizers: Optimization finished at                     iteration 0 with total time: 5.33s
2025-04-13 11:10:48,191 [INFO] optimizers.Optimizers: Start running PSO optimiser
2025-04-13 11:10:48,577 [INFO] optimizers.Optimizers: Optimization finished at                     iteration 0 with total time: 0.39s
2025-04-13 11:11:48,224 [INFO] optimizers.Optimizers: Start running PSO optimiser
2025-04-13 11:11:51,258 [INFO] optimizers.Optimizers: Optimization finished at                     iteration 0 with total time: 3.03s
2025-04-13 11:12:21,431 [INFO] optimizers.Optimizers: Start running PSO optimiser
2025-04-13 11:12:22,177 [INFO] optimizers.Optimizers: Optimization finished at                     iteration 0 with total time: 0.75s
2025-04-13 11:13:35,471 [INFO] optimizers.Optimizers: Start running PSO optimiser
2025-04-13 11:13:38,487 [INFO] optimizers.Optimizers: Optimization finished at                     iteration 0 with total time: 3.02s
2025-04-13 11:13:39,064 [INFO] optimizers.Optimizers: Start running PSO optimiser
2025-04-13 11:13:39,436 [INFO] optimizers.Optimizers: Optimization finished at                     iteration 0 with total time: 0.37s
2025-04-13 11:15:17,255 [INFO] optimizers.Optimizers: Start running PSO optimiser
2025-04-13 11:15:20,626 [INFO] optimizers.Optimizers: Optimization finished at                     iteration 0 with total time: 3.37s
2025-04-13 11:15:31,696 [INFO] optimizers.Optimizers: Start running PSO optimiser
2025-04-13 11:15:38,485 [INFO] optimizers.Optimizers: Optimization finished at                     iteration 0 with total time: 6.79s
2025-04-13 11:15:54,994 [INFO] optimizers.Optimizers: Start running PSO optimiser
2025-04-13 11:16:00,721 [INFO] optimizers.Optimizers: Optimization finished at                     iteration 0 with total time: 5.73s
2025-04-13 11:16:25,512 [INFO] optimizers.Optimizers: Start running PSO optimiser
2025-04-13 11:16:27,052 [INFO] optimizers.Optimizers: Optimization finished at                     iteration 0 with total time: 1.54s
2025-04-13 11:16:38,298 [INFO] optimizers.Optimizers: Start running PSO optimiser
2025-04-13 11:16:42,842 [INFO] optimizers.Optimizers: Optimization finished at                     iteration 0 with total time: 4.54s
2025-04-13 11:16:59,346 [INFO] optimizers.Optimizers: Start running PSO optimiser
2025-04-13 11:17:06,200 [INFO] optimizers.Optimizers: Optimization finished at                     iteration 0 with total time: 6.85s
2025-04-13 11:18:19,566 [INFO] optimizers.Optimizers: Start running PSO optimiser
2025-04-13 11:18:23,745 [INFO] optimizers.Optimizers: Optimization finished at                     iteration 0 with total time: 4.18s
2025-04-13 11:21:06,858 [INFO] optimizers.Optimizers: Start running PSO optimiser
2025-04-13 11:21:09,481 [INFO] optimizers.Optimizers: Optimization finished at                     iteration 0 with total time: 2.62s
2025-04-13 11:21:34,181 [INFO] optimizers.Optimizers: Start running PSO optimiser
2025-04-13 11:21:36,812 [INFO] optimizers.Optimizers: Optimization finished at                     iteration 0 with total time: 2.63s
2025-04-13 11:22:49,337 [INFO] optimizers.Optimizers: Start running PSO optimiser
2025-04-13 11:22:51,651 [INFO] optimizers.Optimizers: Optimization finished at                     iteration 0 with total time: 2.31s
2025-04-13 11:24:00,426 [INFO] optimizers.Optimizers: Start running PSO optimiser
2025-04-13 11:24:11,126 [INFO] optimizers.Optimizers: Optimization finished at                     iteration 1 with total time: 10.70s
2025-04-13 11:28:32,171 [INFO] optimizers.Optimizers: Start running PSO optimiser
2025-04-13 11:28:34,869 [INFO] optimizers.Optimizers: Optimization finished at                     iteration 0 with total time: 2.70s
2025-04-13 11:28:45,949 [INFO] optimizers.Optimizers: Start running PSO optimiser
2025-04-13 11:28:48,990 [INFO] optimizers.Optimizers: Optimization finished at                     iteration 0 with total time: 3.04s
2025-04-13 11:29:54,428 [INFO] optimizers.Optimizers: Start running PSO optimiser
2025-04-13 11:29:59,686 [INFO] optimizers.Optimizers: Optimization finished at                     iteration 0 with total time: 5.26s
2025-04-13 11:30:05,429 [INFO] optimizers.Optimizers: Start running PSO optimiser
2025-04-13 11:30:13,732 [INFO] optimizers.Optimizers: Optimization finished at                     iteration 1 with total time: 8.30s
2025-04-13 11:31:13,488 [INFO] optimizers.Optimizers: Start running PSO optimiser
2025-04-13 11:31:16,500 [INFO] optimizers.Optimizers: Optimization finished at                     iteration 0 with total time: 3.01s
2025-04-13 11:32:24,387 [INFO] optimizers.Optimizers: Start running PSO optimiser
2025-04-13 11:32:28,522 [INFO] optimizers.Optimizers: Optimization finished at                     iteration 0 with total time: 4.13s
2025-04-13 11:32:47,868 [INFO] optimizers.Optimizers: Start running PSO optimiser
2025-04-13 11:32:48,623 [INFO] optimizers.Optimizers: Optimization finished at                     iteration 0 with total time: 0.76s
2025-04-13 11:33:29,719 [INFO] optimizers.Optimizers: Start running PSO optimiser
2025-04-13 11:33:35,022 [INFO] optimizers.Optimizers: Optimization finished at                     iteration 0 with total time: 5.30s
2025-04-13 11:33:38,110 [INFO] optimizers.Optimizers: Start running PSO optimiser
2025-04-13 11:33:40,007 [INFO] optimizers.Optimizers: Optimization finished at                     iteration 0 with total time: 1.90s
2025-04-13 11:34:20,967 [INFO] optimizers.Optimizers: Start running PSO optimiser
2025-04-13 11:34:21,363 [INFO] optimizers.Optimizers: Optimization finished at                     iteration 0 with total time: 0.40s
2025-04-13 11:36:42,992 [INFO] optimizers.Optimizers: Start running PSO optimiser
2025-04-13 11:36:48,252 [INFO] optimizers.Optimizers: Optimization finished at                     iteration 0 with total time: 5.26s
2025-04-13 11:36:48,833 [INFO] optimizers.Optimizers: Start running PSO optimiser
2025-04-13 11:36:51,115 [INFO] optimizers.Optimizers: Optimization finished at                     iteration 0 with total time: 2.28s
2025-04-13 11:37:53,500 [INFO] optimizers.Optimizers: Start running PSO optimiser
2025-04-13 11:38:08,338 [INFO] optimizers.Optimizers: Optimization finished at                     iteration 1 with total time: 14.84s
2025-04-13 11:38:25,169 [INFO] optimizers.Optimizers: Start running PSO optimiser
2025-04-13 11:38:28,489 [INFO] optimizers.Optimizers: Optimization finished at                     iteration 0 with total time: 3.32s
2025-04-13 11:38:31,565 [INFO] optimizers.Optimizers: Start running PSO optimiser
2025-04-13 11:38:33,453 [INFO] optimizers.Optimizers: Optimization finished at                     iteration 0 with total time: 1.89s
2025-04-13 11:40:00,698 [INFO] optimizers.Optimizers: Start running PSO optimiser
2025-04-13 11:40:17,436 [INFO] optimizers.Optimizers: Optimization finished at                     iteration 2 with total time: 16.74s
2025-04-13 11:40:28,598 [INFO] optimizers.Optimizers: Start running PSO optimiser
2025-04-13 11:40:29,357 [INFO] optimizers.Optimizers: Optimization finished at                     iteration 0 with total time: 0.76s
2025-04-13 11:42:37,544 [INFO] optimizers.Optimizers: Start running PSO optimiser
2025-04-13 11:42:53,987 [INFO] optimizers.Optimizers: Optimization finished at                     iteration 2 with total time: 16.44s
2025-04-13 11:43:04,992 [INFO] optimizers.Optimizers: Start running PSO optimiser
2025-04-13 11:43:19,150 [INFO] optimizers.Optimizers: Optimization finished at                     iteration 1 with total time: 14.16s
2025-04-13 11:48:56,921 [INFO] optimizers.Optimizers: Start running PSO optimiser
2025-04-13 11:49:01,072 [INFO] optimizers.Optimizers: Optimization finished at                     iteration 0 with total time: 4.15s
2025-04-13 11:49:54,728 [INFO] optimizers.Optimizers: Start running PSO optimiser
2025-04-13 11:49:58,027 [INFO] optimizers.Optimizers: Optimization finished at                     iteration 0 with total time: 3.30s
2025-04-13 11:50:13,735 [INFO] optimizers.Optimizers: Start running PSO optimiser
2025-04-13 11:50:14,890 [INFO] optimizers.Optimizers: Optimization finished at                     iteration 0 with total time: 1.15s
2025-04-13 11:52:20,506 [INFO] optimizers.Optimizers: Start running PSO optimiser
2025-04-13 11:52:26,485 [INFO] optimizers.Optimizers: Optimization finished at                     iteration 0 with total time: 5.98s
2025-04-13 12:05:18,753 [INFO] optimizers.Optimizers: Start running PSO optimiser
2025-04-13 12:05:19,135 [INFO] optimizers.Optimizers: Optimization finished at                     iteration 0 with total time: 0.38s
2025-04-13 12:06:51,967 [INFO] optimizers.Optimizers: Start running PSO optimiser
2025-04-13 12:06:55,395 [INFO] optimizers.Optimizers: Optimization finished at                     iteration 0 with total time: 3.43s
2025-04-13 12:07:17,420 [INFO] optimizers.Optimizers: Start running PSO optimiser
2025-04-13 12:07:28,743 [INFO] optimizers.Optimizers: Optimization finished at                     iteration 1 with total time: 11.32s
2025-04-13 12:07:31,775 [INFO] optimizers.Optimizers: Start running PSO optimiser
2025-04-13 12:07:36,292 [INFO] optimizers.Optimizers: Optimization finished at                     iteration 0 with total time: 4.52s
2025-04-13 12:09:03,747 [INFO] optimizers.Optimizers: Start running PSO optimiser
2025-04-13 12:09:11,345 [INFO] optimizers.Optimizers: Optimization finished at                     iteration 0 with total time: 7.60s
2025-04-13 12:09:22,489 [INFO] optimizers.Optimizers: Start running PSO optimiser
2025-04-13 12:09:25,463 [INFO] optimizers.Optimizers: Optimization finished at                     iteration 0 with total time: 2.97s
2025-04-13 12:10:42,576 [INFO] optimizers.Optimizers: Start running PSO optimiser
2025-04-13 12:10:46,712 [INFO] optimizers.Optimizers: Optimization finished at                     iteration 0 with total time: 4.14s
2025-04-13 12:11:10,971 [INFO] optimizers.Optimizers: Start running PSO optimiser
2025-04-13 12:11:11,343 [INFO] optimizers.Optimizers: Optimization finished at                     iteration 0 with total time: 0.37s
2025-04-13 12:11:11,892 [INFO] optimizers.Optimizers: Start running PSO optimiser
2025-04-13 12:11:12,268 [INFO] optimizers.Optimizers: Optimization finished at                     iteration 0 with total time: 0.38s
2025-04-13 12:11:28,566 [INFO] optimizers.Optimizers: Start running PSO optimiser
2025-04-13 12:11:31,955 [INFO] optimizers.Optimizers: Optimization finished at                     iteration 0 with total time: 3.39s
2025-04-13 12:12:15,971 [INFO] optimizers.Optimizers: Start running PSO optimiser
2025-04-13 12:12:16,734 [INFO] optimizers.Optimizers: Optimization finished at                     iteration 0 with total time: 0.76s
2025-04-13 12:12:19,718 [INFO] optimizers.Optimizers: Start running PSO optimiser
2025-04-13 12:12:21,588 [INFO] optimizers.Optimizers: Optimization finished at                     iteration 0 with total time: 1.87s
2025-04-13 12:14:35,125 [INFO] optimizers.Optimizers: Start running PSO optimiser
2025-04-13 12:14:36,258 [INFO] optimizers.Optimizers: Optimization finished at                     iteration 0 with total time: 1.13s
2025-04-13 12:15:12,473 [INFO] optimizers.Optimizers: Start running PSO optimiser
2025-04-13 12:15:21,686 [INFO] optimizers.Optimizers: Optimization finished at                     iteration 1 with total time: 9.21s
2025-04-13 12:15:26,547 [INFO] optimizers.Optimizers: Start running PSO optimiser
2025-04-13 12:15:33,773 [INFO] optimizers.Optimizers: Optimization finished at                     iteration 0 with total time: 7.23s
2025-04-13 12:16:39,184 [INFO] optimizers.Optimizers: Start running PSO optimiser
2025-04-13 12:16:42,558 [INFO] optimizers.Optimizers: Optimization finished at                     iteration 0 with total time: 3.37s
2025-04-13 12:17:10,013 [INFO] optimizers.Optimizers: Start running PSO optimiser
2025-04-13 12:17:19,220 [INFO] optimizers.Optimizers: Optimization finished at                     iteration 1 with total time: 9.21s
2025-04-13 12:17:41,445 [INFO] optimizers.Optimizers: Start running PSO optimiser
2025-04-13 12:17:42,897 [INFO] optimizers.Optimizers: Optimization finished at                     iteration 0 with total time: 1.45s
2025-04-13 12:18:04,977 [INFO] optimizers.Optimizers: Start running PSO optimiser
2025-04-13 12:18:10,317 [INFO] optimizers.Optimizers: Optimization finished at                     iteration 0 with total time: 5.34s
2025-04-13 12:18:14,686 [INFO] optimizers.Optimizers: Start running PSO optimiser
2025-04-13 12:18:23,380 [INFO] optimizers.Optimizers: Optimization finished at                     iteration 1 with total time: 8.70s
2025-04-13 12:21:18,413 [INFO] optimizers.Optimizers: Start running PSO optimiser
2025-04-13 12:21:20,295 [INFO] optimizers.Optimizers: Optimization finished at                     iteration 0 with total time: 1.88s
2025-04-13 12:23:46,697 [ERROR] instruments.Oscilloscopes: Something went wrong due to capturing data!
2025-04-13 12:23:46,697 [WARNING] instruments.Oscilloscopes: Retrying capture (attempt 1 of 5)...
2025-04-13 12:45:34,039 [ERROR] instruments.Oscilloscopes: Something went wrong due to capturing data!
2025-04-13 12:45:34,039 [WARNING] instruments.Oscilloscopes: Retrying capture (attempt 1 of 5)...
2025-04-13 12:48:42,625 [INFO] optimizers.Optimizers: Start running PSO optimiser
2025-04-13 12:48:43,378 [INFO] optimizers.Optimizers: Optimization finished at                     iteration 0 with total time: 0.75s
2025-04-13 12:49:58,958 [INFO] optimizers.Optimizers: Start running PSO optimiser
2025-04-13 12:50:09,600 [INFO] optimizers.Optimizers: Optimization finished at                     iteration 1 with total time: 10.64s
2025-04-13 12:52:23,970 [INFO] optimizers.Optimizers: Start running PSO optimiser
2025-04-13 12:52:27,329 [INFO] optimizers.Optimizers: Optimization finished at                     iteration 0 with total time: 3.36s
2025-04-13 12:53:22,560 [INFO] optimizers.Optimizers: Start running PSO optimiser
2025-04-13 12:53:23,995 [INFO] optimizers.Optimizers: Optimization finished at                     iteration 0 with total time: 1.43s
2025-04-13 12:53:48,885 [INFO] optimizers.Optimizers: Start running PSO optimiser
2025-04-13 12:53:50,772 [INFO] optimizers.Optimizers: Optimization finished at                     iteration 0 with total time: 1.89s
2025-04-13 12:54:22,754 [INFO] optimizers.Optimizers: Start running PSO optimiser
2025-04-13 12:54:24,286 [INFO] optimizers.Optimizers: Optimization finished at                     iteration 0 with total time: 1.53s
2025-04-13 12:57:21,791 [INFO] optimizers.Optimizers: Start running PSO optimiser
2025-04-13 12:57:22,929 [INFO] optimizers.Optimizers: Optimization finished at                     iteration 0 with total time: 1.14s
2025-04-13 12:57:26,516 [INFO] optimizers.Optimizers: Start running PSO optimiser
2025-04-13 12:57:45,627 [INFO] optimizers.Optimizers: Optimization finished at                     iteration 2 with total time: 19.11s
2025-04-13 12:57:46,204 [INFO] optimizers.Optimizers: Start running PSO optimiser
2025-04-13 12:57:46,577 [INFO] optimizers.Optimizers: Optimization finished at                     iteration 0 with total time: 0.37s
2025-04-13 12:57:47,152 [INFO] optimizers.Optimizers: Start running PSO optimiser
2025-04-13 12:57:50,611 [INFO] optimizers.Optimizers: Optimization finished at                     iteration 0 with total time: 3.46s
2025-04-13 13:01:12,652 [INFO] optimizers.Optimizers: Start running PSO optimiser
2025-04-13 13:01:18,417 [INFO] optimizers.Optimizers: Optimization finished at                     iteration 0 with total time: 5.77s
2025-04-13 13:02:11,372 [INFO] optimizers.Optimizers: Start running PSO optimiser
2025-04-13 13:02:20,430 [INFO] optimizers.Optimizers: Optimization finished at                     iteration 1 with total time: 9.06s
2025-04-13 13:03:25,413 [INFO] optimizers.Optimizers: Start running PSO optimiser
2025-04-13 13:03:32,256 [INFO] optimizers.Optimizers: Optimization finished at                     iteration 0 with total time: 6.84s
2025-04-13 13:03:49,263 [INFO] optimizers.Optimizers: Start running PSO optimiser
2025-04-13 13:03:49,634 [INFO] optimizers.Optimizers: Optimization finished at                     iteration 0 with total time: 0.37s
2025-04-13 13:03:50,219 [INFO] optimizers.Optimizers: Start running PSO optimiser
2025-04-13 13:03:51,346 [INFO] optimizers.Optimizers: Optimization finished at                     iteration 0 with total time: 1.13s
2025-04-13 13:04:11,532 [INFO] optimizers.Optimizers: Start running PSO optimiser
2025-04-13 13:04:26,777 [INFO] optimizers.Optimizers: Optimization finished at                     iteration 1 with total time: 15.24s
2025-04-13 13:04:40,807 [INFO] optimizers.Optimizers: Start running PSO optimiser
2025-04-13 13:04:42,706 [INFO] optimizers.Optimizers: Optimization finished at                     iteration 0 with total time: 1.90s
2025-04-13 13:05:10,120 [INFO] optimizers.Optimizers: Start running PSO optimiser
2025-04-13 13:05:12,861 [INFO] optimizers.Optimizers: Optimization finished at                     iteration 0 with total time: 2.74s
2025-04-13 13:05:26,415 [INFO] optimizers.Optimizers: Start running PSO optimiser
2025-04-13 13:05:27,161 [INFO] optimizers.Optimizers: Optimization finished at                     iteration 0 with total time: 0.74s
2025-04-13 13:06:28,249 [INFO] optimizers.Optimizers: Start running PSO optimiser
2025-04-13 13:06:34,741 [INFO] optimizers.Optimizers: Optimization finished at                     iteration 0 with total time: 6.49s
2025-04-13 13:06:43,722 [INFO] optimizers.Optimizers: Start running PSO optimiser
2025-04-13 13:06:48,885 [INFO] optimizers.Optimizers: Optimization finished at                     iteration 0 with total time: 5.16s
2025-04-13 13:06:52,474 [INFO] optimizers.Optimizers: Start running PSO optimiser
2025-04-13 13:06:56,629 [INFO] optimizers.Optimizers: Optimization finished at                     iteration 0 with total time: 4.16s
2025-04-13 13:07:05,647 [INFO] optimizers.Optimizers: Start running PSO optimiser
2025-04-13 13:07:08,666 [INFO] optimizers.Optimizers: Optimization finished at                     iteration 0 with total time: 3.02s
2025-04-13 13:08:40,310 [ERROR] instruments.Oscilloscopes: Something went wrong due to capturing data!
2025-04-13 13:08:40,310 [WARNING] instruments.Oscilloscopes: Retrying capture (attempt 1 of 5)...
2025-04-13 13:10:47,879 [ERROR] instruments.Oscilloscopes: Something went wrong due to capturing data!
2025-04-13 13:10:47,879 [WARNING] instruments.Oscilloscopes: Retrying capture (attempt 1 of 5)...
2025-04-13 13:10:49,270 [INFO] optimizers.Optimizers: Start running PSO optimiser
2025-04-13 13:11:07,066 [INFO] optimizers.Optimizers: Optimization finished at                     iteration 2 with total time: 17.80s
2025-04-13 13:12:28,467 [INFO] optimizers.Optimizers: Start running PSO optimiser
2025-04-13 13:13:03,033 [INFO] optimizers.Optimizers: Optimization finished at                     iteration 4 with total time: 34.57s
2025-04-13 13:13:36,660 [INFO] optimizers.Optimizers: Start running PSO optimiser
2025-04-13 13:13:59,708 [INFO] optimizers.Optimizers: Optimization finished at                     iteration 2 with total time: 23.05s
2025-04-13 13:14:23,275 [INFO] optimizers.Optimizers: Start running PSO optimiser
2025-04-13 13:15:24,879 [INFO] optimizers.Optimizers: Optimization finished at                     iteration 8 with total time: 61.60s
2025-04-13 13:15:25,461 [INFO] optimizers.Optimizers: Start running PSO optimiser
2025-04-13 13:15:35,520 [INFO] optimizers.Optimizers: Optimization finished at                     iteration 1 with total time: 10.06s
2025-04-13 13:17:39,437 [INFO] optimizers.Optimizers: Start running PSO optimiser
2025-04-13 13:22:19,154 [INFO] optimizers.Optimizers: Start running PSO optimiser
2025-04-13 13:23:44,950 [INFO] optimizers.Optimizers: Optimization finished at                     iteration 11 with total time: 85.80s
2025-04-13 13:24:01,893 [INFO] optimizers.Optimizers: Start running PSO optimiser
2025-04-13 13:24:03,455 [INFO] optimizers.Optimizers: Optimization finished at                     iteration 0 with total time: 1.56s
2025-04-13 13:24:13,266 [ERROR] instruments.Oscilloscopes: Something went wrong due to capturing data!
2025-04-13 13:24:13,266 [WARNING] instruments.Oscilloscopes: Retrying capture (attempt 1 of 5)...
2025-04-13 13:24:52,177 [INFO] optimizers.Optimizers: Start running PSO optimiser
2025-04-13 13:25:17,100 [INFO] optimizers.Optimizers: Optimization finished at                     iteration 3 with total time: 24.92s
2025-04-13 13:25:42,691 [INFO] optimizers.Optimizers: Start running PSO optimiser
2025-04-13 13:26:20,758 [INFO] optimizers.Optimizers: Optimization finished at                     iteration 4 with total time: 38.07s
2025-04-13 13:31:50,205 [INFO] optimizers.Optimizers: Start running PSO optimiser
2025-04-13 13:32:21,611 [INFO] optimizers.Optimizers: Optimization finished at                     iteration 4 with total time: 31.41s
2025-04-13 13:37:20,899 [ERROR] instruments.Oscilloscopes: Something went wrong due to capturing data!
2025-04-13 13:37:20,899 [WARNING] instruments.Oscilloscopes: Retrying capture (attempt 1 of 5)...
2025-04-13 13:37:33,280 [INFO] optimizers.Optimizers: Start running PSO optimiser
2025-04-13 13:38:12,661 [INFO] optimizers.Optimizers: Optimization finished at                     iteration 5 with total time: 39.38s
2025-04-13 13:38:13,251 [INFO] optimizers.Optimizers: Start running PSO optimiser
2025-04-13 13:40:38,964 [INFO] optimizers.Optimizers: Start running PSO optimiser
2025-04-13 13:43:05,350 [INFO] optimizers.Optimizers: Start running PSO optimiser
2025-04-13 13:44:35,713 [INFO] optimizers.Optimizers: Optimization finished at                     iteration 11 with total time: 90.36s
2025-04-13 13:48:35,636 [INFO] optimizers.Optimizers: Start running PSO optimiser
2025-04-13 13:49:27,865 [INFO] optimizers.Optimizers: Optimization finished at                     iteration 6 with total time: 52.23s
2025-04-13 13:54:28,306 [ERROR] instruments.Oscilloscopes: Something went wrong due to capturing data!
2025-04-13 13:54:28,306 [WARNING] instruments.Oscilloscopes: Retrying capture (attempt 1 of 5)...
2025-04-13 13:55:58,041 [ERROR] instruments.Oscilloscopes: Something went wrong due to capturing data!
2025-04-13 13:55:58,041 [WARNING] instruments.Oscilloscopes: Retrying capture (attempt 1 of 5)...
2025-04-13 14:01:16,620 [INFO] optimizers.Optimizers: Start running PSO optimiser
2025-04-13 14:01:31,309 [INFO] optimizers.Optimizers: Optimization finished at                     iteration 1 with total time: 14.69s
2025-04-13 14:04:56,327 [ERROR] instruments.Oscilloscopes: Something went wrong due to capturing data!
2025-04-13 14:04:56,327 [WARNING] instruments.Oscilloscopes: Retrying capture (attempt 1 of 5)...
2025-04-13 14:04:57,722 [INFO] optimizers.Optimizers: Start running PSO optimiser
2025-04-13 14:05:13,877 [INFO] optimizers.Optimizers: Optimization finished at                     iteration 2 with total time: 16.15s
2025-04-13 14:17:04,489 [ERROR] instruments.Oscilloscopes: Something went wrong due to capturing data!
2025-04-13 14:17:04,489 [WARNING] instruments.Oscilloscopes: Retrying capture (attempt 1 of 5)...
2025-04-13 14:17:22,404 [INFO] optimizers.Optimizers: Start running PSO optimiser
2025-04-13 14:18:20,804 [INFO] optimizers.Optimizers: Optimization finished at                     iteration 7 with total time: 58.40s
2025-04-13 14:19:00,055 [INFO] optimizers.Optimizers: Start running PSO optimiser
2025-04-13 14:19:37,496 [INFO] optimizers.Optimizers: Optimization finished at                     iteration 4 with total time: 37.44s
2025-04-13 14:19:52,051 [ERROR] instruments.Oscilloscopes: Something went wrong due to capturing data!
2025-04-13 14:19:52,051 [WARNING] instruments.Oscilloscopes: Retrying capture (attempt 1 of 5)...
2025-04-13 14:26:00,305 [INFO] optimizers.Optimizers: Start running PSO optimiser
2025-04-13 14:26:45,850 [INFO] optimizers.Optimizers: Optimization finished at                     iteration 5 with total time: 45.55s
2025-04-13 14:29:02,621 [INFO] optimizers.Optimizers: Start running PSO optimiser
2025-04-13 14:30:07,959 [INFO] optimizers.Optimizers: Optimization finished at                     iteration 8 with total time: 65.34s
2025-04-13 14:31:13,661 [INFO] optimizers.Optimizers: Start running PSO optimiser
2025-04-13 14:31:32,767 [INFO] optimizers.Optimizers: Optimization finished at                     iteration 2 with total time: 19.11s
2025-04-13 14:36:01,962 [INFO] optimizers.Optimizers: Start running PSO optimiser
2025-04-13 14:36:44,771 [INFO] optimizers.Optimizers: Optimization finished at                     iteration 5 with total time: 42.81s
2025-04-13 14:37:02,551 [INFO] optimizers.Optimizers: Start running PSO optimiser
2025-04-13 14:39:29,342 [INFO] optimizers.Optimizers: Start running PSO optimiser
2025-04-13 14:40:38,090 [INFO] optimizers.Optimizers: Optimization finished at                     iteration 8 with total time: 68.75s
2025-04-13 14:44:23,741 [INFO] optimizers.Optimizers: Start running PSO optimiser
2025-04-13 14:45:17,973 [INFO] optimizers.Optimizers: Optimization finished at                     iteration 7 with total time: 54.23s
2025-04-13 14:45:27,663 [INFO] main: the programme has been finished
2025-04-13 14:46:29,258 [INFO] instruments.PolarizationControllers: OzOptics connected successfully!
2025-04-13 14:46:36,286 [INFO] main: start running main programme
